<?xml version="1.0" encoding="UTF-8"?>
<!-- Generated by org.testng.reporters.JUnitReportReporter -->
<testsuite skipped="0" hostname="DESKTOP-823C2EB" name="com.selenium.Creating_Dependency_between_testcases" tests="3" failures="0" timestamp="2020-06-07T12:58:10 IST" time="0.015" errors="0">
  <testcase name="TestMethod1" time="0.010" classname="com.selenium.Creating_Dependency_between_testcases"/>
  <system-out/>
  <testcase name="TestMethod2" time="0.002" classname="com.selenium.Creating_Dependency_between_testcases"/>
  <system-out/>
  <testcase name="TestMethod3" time="0.003" classname="com.selenium.Creating_Dependency_between_testcases"/>
  <system-out/>
</testsuite> <!-- com.selenium.Creating_Dependency_between_testcases -->
