<?xml version="1.0" encoding="UTF-8"?>
<!-- Generated by org.testng.reporters.JUnitReportReporter -->
<testsuite skipped="0" hostname="DESKTOP-823C2EB" name="com.selenium.JQuery_DatePicker_Calendar" tests="1" failures="0" timestamp="2020-05-17T01:05:25 IST" time="10.645" errors="0">
  <testcase name="SelectDateFromKendoCalendar" time="10.645" classname="com.selenium.JQuery_DatePicker_Calendar"/>
  <system-out/>
</testsuite> <!-- com.selenium.JQuery_DatePicker_Calendar -->
