<?xml version="1.0" encoding="UTF-8"?>
<!-- Generated by org.testng.reporters.JUnitReportReporter -->
<testsuite skipped="0" hostname="DESKTOP-823C2EB" name="com.selenium.PDFReader" tests="1" failures="0" timestamp="2020-05-17T00:18:57 IST" time="2.475" errors="0">
  <testcase name="jQueryCalendarMultipleMonths" time="2.475" classname="com.selenium.PDFReader"/>
  <system-out/>
</testsuite> <!-- com.selenium.PDFReader -->
