<?xml version="1.0" encoding="UTF-8"?>
<!-- Generated by org.testng.reporters.JUnitReportReporter -->
<testsuite skipped="0" hostname="DESKTOP-823C2EB" name="com.selenium.ReadPDF" tests="1" failures="0" timestamp="2020-05-17T12:06:41 IST" time="30.543" errors="1">
  <testcase name="testVerifyPDFTextInBrowser" time="30.543" classname="com.selenium.ReadPDF">
    <error type="java.lang.NoSuchMethodError" message="org.apache.fontbox.afm.AFMParser.parse()V">
      <![CDATA[java.lang.NoSuchMethodError: org.apache.fontbox.afm.AFMParser.parse()V
at org.apache.pdfbox.pdmodel.font.PDFont.addAdobeFontMetric(PDFont.java:166)
at org.apache.pdfbox.pdmodel.font.PDFont.addAdobeFontMetric(PDFont.java:152)
at org.apache.pdfbox.pdmodel.font.PDFont.getAdobeFontMetrics(PDFont.java:122)
at org.apache.pdfbox.pdmodel.font.PDFont.<clinit>(PDFont.java:114)
at org.apache.pdfbox.pdmodel.font.PDFontFactory.createFont(PDFontFactory.java:100)
at org.apache.pdfbox.pdmodel.PDResources.getFonts(PDResources.java:213)
at org.apache.pdfbox.util.PDFStreamEngine.getFonts(PDFStreamEngine.java:607)
at org.apache.pdfbox.util.operator.SetTextFont.process(SetTextFont.java:59)
at org.apache.pdfbox.util.PDFStreamEngine.processOperator(PDFStreamEngine.java:557)
at org.apache.pdfbox.util.PDFStreamEngine.processSubStream(PDFStreamEngine.java:268)
at org.apache.pdfbox.util.PDFStreamEngine.processSubStream(PDFStreamEngine.java:235)
at org.apache.pdfbox.util.PDFStreamEngine.processStream(PDFStreamEngine.java:215)
at org.apache.pdfbox.util.PDFTextStripper.processPage(PDFTextStripper.java:460)
at org.apache.pdfbox.util.PDFTextStripper.processPages(PDFTextStripper.java:385)
at org.apache.pdfbox.util.PDFTextStripper.writeText(PDFTextStripper.java:344)
at org.apache.pdfbox.util.PDFTextStripper.getText(PDFTextStripper.java:275)
at com.selenium.ReadPDF.verifyPDFContent(ReadPDF.java:76)
at com.selenium.ReadPDF.testVerifyPDFTextInBrowser(ReadPDF.java:40)
at sun.reflect.NativeMethodAccessorImpl.invoke0(Native Method)
at sun.reflect.NativeMethodAccessorImpl.invoke(NativeMethodAccessorImpl.java:62)
at sun.reflect.DelegatingMethodAccessorImpl.invoke(DelegatingMethodAccessorImpl.java:43)
at java.lang.reflect.Method.invoke(Method.java:498)
at org.testng.internal.MethodInvocationHelper.invokeMethod(MethodInvocationHelper.java:134)
at org.testng.internal.TestInvoker.invokeMethod(TestInvoker.java:597)
at org.testng.internal.TestInvoker.invokeTestMethod(TestInvoker.java:173)
at org.testng.internal.MethodRunner.runInSequence(MethodRunner.java:46)
at org.testng.internal.TestInvoker$MethodInvocationAgent.invoke(TestInvoker.java:816)
at org.testng.internal.TestInvoker.invokeTestMethods(TestInvoker.java:146)
at org.testng.internal.TestMethodWorker.invokeTestMethods(TestMethodWorker.java:146)
at org.testng.internal.TestMethodWorker.run(TestMethodWorker.java:128)
at java.util.ArrayList.forEach(ArrayList.java:1257)
at org.testng.TestRunner.privateRun(TestRunner.java:766)
at org.testng.TestRunner.run(TestRunner.java:587)
at org.testng.SuiteRunner.runTest(SuiteRunner.java:384)
at org.testng.SuiteRunner.runSequentially(SuiteRunner.java:378)
at org.testng.SuiteRunner.privateRun(SuiteRunner.java:337)
at org.testng.SuiteRunner.run(SuiteRunner.java:286)
at org.testng.SuiteRunnerWorker.runSuite(SuiteRunnerWorker.java:53)
at org.testng.SuiteRunnerWorker.run(SuiteRunnerWorker.java:96)
at org.testng.TestNG.runSuitesSequentially(TestNG.java:1187)
at org.testng.TestNG.runSuitesLocally(TestNG.java:1109)
at org.testng.TestNG.runSuites(TestNG.java:1039)
at org.testng.TestNG.run(TestNG.java:1007)
at org.testng.remote.AbstractRemoteTestNG.run(AbstractRemoteTestNG.java:115)
at org.testng.remote.RemoteTestNG.initAndRun(RemoteTestNG.java:251)
at org.testng.remote.RemoteTestNG.main(RemoteTestNG.java:77)
]]>
    </error>
  </testcase> <!-- testVerifyPDFTextInBrowser -->
  <system-out/>
</testsuite> <!-- com.selenium.ReadPDF -->
