<?xml version="1.0" encoding="UTF-8"?>
<!-- Generated by org.testng.reporters.JUnitReportReporter -->
<testsuite skipped="0" hostname="DESKTOP-823C2EB" name="com.selenium.Assertion" tests="1" failures="0" timestamp="2020-06-08T01:25:50 IST" time="2.067" errors="0">
  <testcase name="verifyTitle" time="2.067" classname="com.selenium.Assertion"/>
  <system-out/>
</testsuite> <!-- com.selenium.Assertion -->
