<?xml version="1.0" encoding="UTF-8"?>
<!-- Generated by org.testng.reporters.JUnitReportReporter -->
<testsuite skipped="0" hostname="DESKTOP-823C2EB" name="com.selenium.Integrate_TestNg_with_selenium" tests="3" failures="0" timestamp="2020-06-07T14:46:20 IST" time="3.828" errors="0">
  <testcase name="TestMethod2" time="0.015" classname="com.selenium.Integrate_TestNg_with_selenium"/>
  <system-out/>
  <testcase name="TestMethod1" time="3.564" classname="com.selenium.Integrate_TestNg_with_selenium"/>
  <system-out/>
  <testcase name="TestMethod3" time="0.249" classname="com.selenium.Integrate_TestNg_with_selenium"/>
  <system-out/>
</testsuite> <!-- com.selenium.Integrate_TestNg_with_selenium -->
