<?xml version="1.0" encoding="UTF-8"?>
<!-- Generated by org.testng.reporters.JUnitReportReporter -->
<testsuite skipped="0" hostname="DESKTOP-823C2EB" name="com.selenium.Managing_Multiple_Test" tests="3" failures="0" timestamp="2020-06-07T12:00:50 IST" time="0.016" errors="0">
  <testcase name="TestMethod3" time="0.005" classname="com.selenium.Managing_Multiple_Test"/>
  <system-out/>
  <testcase name="TestMethod1" time="0.007" classname="com.selenium.Managing_Multiple_Test"/>
  <system-out/>
  <testcase name="TestMethod2" time="0.004" classname="com.selenium.Managing_Multiple_Test"/>
  <system-out/>
</testsuite> <!-- com.selenium.Managing_Multiple_Test -->
