<?xml version="1.0" encoding="UTF-8"?>
<!-- Generated by org.testng.reporters.JUnitReportReporter -->
<testsuite skipped="0" hostname="DESKTOP-823C2EB" name="com.selenium.Pdf_Reader" tests="3" failures="0" timestamp="2020-06-07T11:14:50 IST" time="52.117" errors="0">
  <testcase name="TestMethod3" time="24.695" classname="com.selenium.Pdf_Reader"/>
  <system-out/>
  <testcase name="TestMethod1" time="9.132" classname="com.selenium.Pdf_Reader"/>
  <system-out/>
  <testcase name="TestMethod2" time="18.290" classname="com.selenium.Pdf_Reader"/>
  <system-out/>
</testsuite> <!-- com.selenium.Pdf_Reader -->
